2025-09-10 16:03:51 [INFO]: Memulai pengambilan daftar jadwal acara  {"userId":"c8a96478-3b13-4ef3-b35b-15d9f8ba10da","query":{"status":"","kategori":"","bulan":"","tahun":"2025","page":1,"limit":10}}
2025-09-10 16:03:52 [INFO]: Berhasil mengambil daftar jadwal acara  {"userId":"c8a96478-3b13-4ef3-b35b-15d9f8ba10da","totalData":8,"pagination":{"page":1,"limit":10,"total":0},"duration":799}
2025-09-10 16:04:02 [INFO]: Memulai pengambilan daftar jadwal acara  {"userId":"c8a96478-3b13-4ef3-b35b-15d9f8ba10da","query":{"status":"","kategori":"","bulan":"2","tahun":"2025","page":1,"limit":10}}
2025-09-10 16:04:03 [ERROR]: Gagal mengambil daftar jadwal acara  {"userId":"c8a96478-3b13-4ef3-b35b-15d9f8ba10da","error":"date/time field value out of range: \"2025-02-31\""}
2025-09-10 16:04:09 [INFO]: Memulai pengambilan daftar jadwal acara  {"userId":"c8a96478-3b13-4ef3-b35b-15d9f8ba10da","query":{"status":"","kategori":"","bulan":"1","tahun":"2025","page":1,"limit":10}}
2025-09-10 16:04:09 [INFO]: Berhasil mengambil daftar jadwal acara  {"userId":"c8a96478-3b13-4ef3-b35b-15d9f8ba10da","totalData":0,"pagination":{"page":1,"limit":10,"total":0},"duration":240}
2025-09-10 16:04:12 [INFO]: Memulai pengambilan daftar jadwal acara  {"userId":"c8a96478-3b13-4ef3-b35b-15d9f8ba10da","query":{"status":"","kategori":"","bulan":"3","tahun":"2025","page":1,"limit":10}}
2025-09-10 16:04:12 [INFO]: Berhasil mengambil daftar jadwal acara  {"userId":"c8a96478-3b13-4ef3-b35b-15d9f8ba10da","totalData":0,"pagination":{"page":1,"limit":10,"total":0},"duration":129}
2025-09-10 16:04:15 [INFO]: Memulai pengambilan daftar jadwal acara  {"userId":"c8a96478-3b13-4ef3-b35b-15d9f8ba10da","query":{"status":"","kategori":"","bulan":"2","tahun":"2025","page":1,"limit":10}}
2025-09-10 16:04:15 [ERROR]: Gagal mengambil daftar jadwal acara  {"userId":"c8a96478-3b13-4ef3-b35b-15d9f8ba10da","error":"date/time field value out of range: \"2025-02-31\""}
2025-09-10 16:04:26 [INFO]: Memulai pengambilan daftar jadwal acara  {"userId":"c8a96478-3b13-4ef3-b35b-15d9f8ba10da","query":{"status":"","kategori":"","bulan":"6","tahun":"2025","page":1,"limit":10}}
2025-09-10 16:04:26 [ERROR]: Gagal mengambil daftar jadwal acara  {"userId":"c8a96478-3b13-4ef3-b35b-15d9f8ba10da","error":"date/time field value out of range: \"2025-06-31\""}
2025-09-10 16:04:33 [INFO]: Memulai pengambilan daftar jadwal acara  {"userId":"c8a96478-3b13-4ef3-b35b-15d9f8ba10da","query":{"status":"","kategori":"","bulan":"9","tahun":"2025","page":1,"limit":10}}
2025-09-10 16:04:33 [ERROR]: Gagal mengambil daftar jadwal acara  {"userId":"c8a96478-3b13-4ef3-b35b-15d9f8ba10da","error":"date/time field value out of range: \"2025-09-31\""}
2025-09-10 16:04:37 [INFO]: Memulai pengambilan daftar jadwal acara  {"userId":"c8a96478-3b13-4ef3-b35b-15d9f8ba10da","query":{"status":"","kategori":"","bulan":"11","tahun":"2025","page":1,"limit":10}}
2025-09-10 16:04:38 [ERROR]: Gagal mengambil daftar jadwal acara  {"userId":"c8a96478-3b13-4ef3-b35b-15d9f8ba10da","error":"date/time field value out of range: \"2025-11-31\""}
2025-09-10 16:04:42 [INFO]: Memulai pengambilan daftar jadwal acara  {"userId":"c8a96478-3b13-4ef3-b35b-15d9f8ba10da","query":{"status":"","kategori":"","bulan":"12","tahun":"2025","page":1,"limit":10}}
2025-09-10 16:04:43 [INFO]: Berhasil mengambil daftar jadwal acara  {"userId":"c8a96478-3b13-4ef3-b35b-15d9f8ba10da","totalData":8,"pagination":{"page":1,"limit":10,"total":0},"duration":267}
2025-09-10 16:06:21 [INFO]: Memulai pengambilan daftar jadwal acara  {"userId":"c8a96478-3b13-4ef3-b35b-15d9f8ba10da","query":{"status":"","kategori":"","bulan":"","tahun":"2025","page":1,"limit":10}}
2025-09-10 16:06:22 [INFO]: Berhasil mengambil daftar jadwal acara  {"userId":"c8a96478-3b13-4ef3-b35b-15d9f8ba10da","totalData":8,"pagination":{"page":1,"limit":10,"total":0},"duration":675}
2025-09-10 16:06:28 [INFO]: Memulai penghapusan jadwal acara  {"userId":"c8a96478-3b13-4ef3-b35b-15d9f8ba10da","acaraId":"53879e7e-219f-4c0e-8fb4-d05b078ff0b9"}
2025-09-10 16:06:28 [INFO]: Berhasil hapus jadwal acara  {"userId":"c8a96478-3b13-4ef3-b35b-15d9f8ba10da","acaraId":"53879e7e-219f-4c0e-8fb4-d05b078ff0b9","deletedItem":"a","duration":473}
2025-09-10 16:06:30 [INFO]: Memulai pengambilan daftar jadwal acara  {"userId":"c8a96478-3b13-4ef3-b35b-15d9f8ba10da","query":{"status":"","kategori":"","bulan":"","tahun":"2025","page":1,"limit":10}}
2025-09-10 16:06:30 [INFO]: Berhasil mengambil daftar jadwal acara  {"userId":"c8a96478-3b13-4ef3-b35b-15d9f8ba10da","totalData":7,"pagination":{"page":1,"limit":10,"total":0},"duration":153}
2025-09-10 16:06:35 [INFO]: Memulai penghapusan jadwal acara  {"userId":"c8a96478-3b13-4ef3-b35b-15d9f8ba10da","acaraId":"6252ca38-6109-4dc1-99b1-458447d6ca75"}
2025-09-10 16:06:35 [INFO]: Berhasil hapus jadwal acara  {"userId":"c8a96478-3b13-4ef3-b35b-15d9f8ba10da","acaraId":"6252ca38-6109-4dc1-99b1-458447d6ca75","deletedItem":"q","duration":376}
2025-09-10 16:06:37 [INFO]: Memulai pengambilan daftar jadwal acara  {"userId":"c8a96478-3b13-4ef3-b35b-15d9f8ba10da","query":{"status":"","kategori":"","bulan":"","tahun":"2025","page":1,"limit":10}}
2025-09-10 16:06:37 [INFO]: Berhasil mengambil daftar jadwal acara  {"userId":"c8a96478-3b13-4ef3-b35b-15d9f8ba10da","totalData":6,"pagination":{"page":1,"limit":10,"total":0},"duration":127}
2025-09-10 16:06:41 [INFO]: Memulai penghapusan jadwal acara  {"userId":"c8a96478-3b13-4ef3-b35b-15d9f8ba10da","acaraId":"c4204d6d-5063-49c3-90ac-00afbde9c256"}
2025-09-10 16:06:41 [INFO]: Berhasil hapus jadwal acara  {"userId":"c8a96478-3b13-4ef3-b35b-15d9f8ba10da","acaraId":"c4204d6d-5063-49c3-90ac-00afbde9c256","deletedItem":"lala","duration":193}
2025-09-10 16:06:42 [INFO]: Memulai pengambilan daftar jadwal acara  {"userId":"c8a96478-3b13-4ef3-b35b-15d9f8ba10da","query":{"status":"","kategori":"","bulan":"","tahun":"2025","page":1,"limit":10}}
2025-09-10 16:06:42 [INFO]: Berhasil mengambil daftar jadwal acara  {"userId":"c8a96478-3b13-4ef3-b35b-15d9f8ba10da","totalData":5,"pagination":{"page":1,"limit":10,"total":0},"duration":125}
2025-09-10 16:06:45 [INFO]: Memulai penghapusan jadwal acara  {"userId":"c8a96478-3b13-4ef3-b35b-15d9f8ba10da","acaraId":"75a6e48d-b568-4b76-aa32-df47be51c58d"}
2025-09-10 16:06:45 [INFO]: Berhasil hapus jadwal acara  {"userId":"c8a96478-3b13-4ef3-b35b-15d9f8ba10da","acaraId":"75a6e48d-b568-4b76-aa32-df47be51c58d","deletedItem":"lala","duration":201}
2025-09-10 16:06:47 [INFO]: Memulai pengambilan daftar jadwal acara  {"userId":"c8a96478-3b13-4ef3-b35b-15d9f8ba10da","query":{"status":"","kategori":"","bulan":"","tahun":"2025","page":1,"limit":10}}
2025-09-10 16:06:47 [INFO]: Berhasil mengambil daftar jadwal acara  {"userId":"c8a96478-3b13-4ef3-b35b-15d9f8ba10da","totalData":4,"pagination":{"page":1,"limit":10,"total":0},"duration":135}
2025-09-10 16:07:40 [INFO]: Memulai update jadwal acara  {"userId":"c8a96478-3b13-4ef3-b35b-15d9f8ba10da","acaraId":"6eac185a-b1ab-478e-bfb0-acb2623fda23","body":{"nama_acara":"HUT RI 100","deskripsi":"ayo ayo","tanggal_mulai":"2025-12-12","tanggal_selesai":"2025-12-12","waktu_mulai":"22:22:00","waktu_selesai":"23:23:00","lokasi":"Pull and Shot Coffee, Jl. Seladarma No.58, Tawangsari, Cihideung, Tasikmalaya Regency, West Java 46121, Indonesia","pic_nama":"farel","pic_kontak":"a","kategori":"","status":"aktif","prioritas":"biasa","peserta_target":12,"serp_data":{"place_id":"ChIJo6Jr7JBXby4RLrkL866BXk8"}}}
2025-09-10 16:07:41 [INFO]: Berhasil update jadwal acara  {"userId":"c8a96478-3b13-4ef3-b35b-15d9f8ba10da","acaraId":"6eac185a-b1ab-478e-bfb0-acb2623fda23","updatedFields":["nama_acara","deskripsi","tanggal_mulai","tanggal_selesai","waktu_mulai","waktu_selesai","lokasi","pic_nama","pic_kontak","kategori","status","prioritas","peserta_target","updated_at"],"duration":372}
2025-09-10 16:07:43 [INFO]: Memulai pengambilan daftar jadwal acara  {"userId":"c8a96478-3b13-4ef3-b35b-15d9f8ba10da","query":{"status":"","kategori":"","bulan":"","tahun":"2025","page":1,"limit":10}}
2025-09-10 16:07:43 [INFO]: Berhasil mengambil daftar jadwal acara  {"userId":"c8a96478-3b13-4ef3-b35b-15d9f8ba10da","totalData":4,"pagination":{"page":1,"limit":10,"total":0},"duration":134}
2025-09-10 16:07:52 [INFO]: Memulai pengambilan daftar jadwal acara  {"userId":"c8a96478-3b13-4ef3-b35b-15d9f8ba10da","query":{"status":"","kategori":"rapat","bulan":"","tahun":"2025","page":1,"limit":10}}
2025-09-10 16:07:52 [INFO]: Berhasil mengambil daftar jadwal acara  {"userId":"c8a96478-3b13-4ef3-b35b-15d9f8ba10da","totalData":0,"pagination":{"page":1,"limit":10,"total":0},"duration":226}
2025-09-10 16:07:54 [INFO]: Memulai pengambilan daftar jadwal acara  {"userId":"c8a96478-3b13-4ef3-b35b-15d9f8ba10da","query":{"status":"","kategori":"","bulan":"","tahun":"2025","page":1,"limit":10}}
2025-09-10 16:07:54 [INFO]: Berhasil mengambil daftar jadwal acara  {"userId":"c8a96478-3b13-4ef3-b35b-15d9f8ba10da","totalData":4,"pagination":{"page":1,"limit":10,"total":0},"duration":158}
2025-09-10 16:08:22 [INFO]: Memulai update status jadwal acara  {"userId":"c8a96478-3b13-4ef3-b35b-15d9f8ba10da","acaraId":"4fe273c7-b2c8-4f61-a6ff-e8716cb480f0","newStatus":"selesai"}
2025-09-10 16:08:22 [INFO]: Berhasil update status jadwal acara  {"userId":"c8a96478-3b13-4ef3-b35b-15d9f8ba10da","acaraId":"4fe273c7-b2c8-4f61-a6ff-e8716cb480f0","newStatus":"selesai","duration":403}
2025-09-10 16:08:24 [INFO]: Memulai pengambilan daftar jadwal acara  {"userId":"c8a96478-3b13-4ef3-b35b-15d9f8ba10da","query":{"status":"","kategori":"","bulan":"","tahun":"2025","page":1,"limit":10}}
2025-09-10 16:08:24 [INFO]: Berhasil mengambil daftar jadwal acara  {"userId":"c8a96478-3b13-4ef3-b35b-15d9f8ba10da","totalData":4,"pagination":{"page":1,"limit":10,"total":0},"duration":140}
2025-09-10 16:46:05 [INFO]: Memulai pengambilan daftar jadwal acara  {"userId":"c8a96478-3b13-4ef3-b35b-15d9f8ba10da","query":{"status":"","kategori":"","bulan":"","tahun":"2025","page":1,"limit":10}}
2025-09-10 16:46:06 [INFO]: Berhasil mengambil daftar jadwal acara  {"userId":"c8a96478-3b13-4ef3-b35b-15d9f8ba10da","totalData":4,"pagination":{"page":1,"limit":10,"total":0},"duration":245}
2025-09-10 16:48:49 [INFO]: Memulai pengambilan daftar jadwal acara  {"userId":"c8a96478-3b13-4ef3-b35b-15d9f8ba10da","query":{"status":"","kategori":"","bulan":"","tahun":"2025","page":1,"limit":10}}
2025-09-10 16:48:49 [INFO]: Berhasil mengambil daftar jadwal acara  {"userId":"c8a96478-3b13-4ef3-b35b-15d9f8ba10da","totalData":4,"pagination":{"page":1,"limit":10,"total":0},"duration":129}
2025-09-10 16:59:47 [INFO]: Memulai pengambilan daftar jadwal acara  {"userId":"c8a96478-3b13-4ef3-b35b-15d9f8ba10da","query":{"status":"","kategori":"","bulan":"","tahun":"2025","page":1,"limit":10}}
2025-09-10 16:59:47 [INFO]: Berhasil mengambil daftar jadwal acara  {"userId":"c8a96478-3b13-4ef3-b35b-15d9f8ba10da","totalData":4,"pagination":{"page":1,"limit":10,"total":0},"duration":141}
2025-09-10 17:01:56 [INFO]: Memulai pengambilan daftar jadwal acara  {"userId":"c8a96478-3b13-4ef3-b35b-15d9f8ba10da","query":{"status":"","kategori":"","bulan":"","tahun":"2025","page":1,"limit":10}}
2025-09-10 17:01:56 [INFO]: Berhasil mengambil daftar jadwal acara  {"userId":"c8a96478-3b13-4ef3-b35b-15d9f8ba10da","totalData":4,"pagination":{"page":1,"limit":10,"total":0},"duration":254}
2025-09-10 17:02:23 [INFO]: Memulai pengambilan daftar jadwal acara  {"userId":"c8a96478-3b13-4ef3-b35b-15d9f8ba10da","query":{"status":"","kategori":"","bulan":"","tahun":"2025","page":1,"limit":10}}
2025-09-10 17:02:23 [INFO]: Berhasil mengambil daftar jadwal acara  {"userId":"c8a96478-3b13-4ef3-b35b-15d9f8ba10da","totalData":4,"pagination":{"page":1,"limit":10,"total":0},"duration":266}
2025-09-10 17:04:00 [INFO]: Memulai pengambilan daftar jadwal acara  {"userId":"c8a96478-3b13-4ef3-b35b-15d9f8ba10da","query":{"status":"","kategori":"","bulan":"2","tahun":"2025","page":1,"limit":10}}
2025-09-10 17:04:00 [ERROR]: Gagal mengambil daftar jadwal acara  {"userId":"c8a96478-3b13-4ef3-b35b-15d9f8ba10da","error":"date/time field value out of range: \"2025-02-31\""}
2025-09-10 17:04:20 [INFO]: Memulai pengambilan daftar jadwal acara  {"userId":"c8a96478-3b13-4ef3-b35b-15d9f8ba10da","query":{"status":"","kategori":"","bulan":"12","tahun":"2025","page":1,"limit":10}}
2025-09-10 17:04:21 [INFO]: Berhasil mengambil daftar jadwal acara  {"userId":"c8a96478-3b13-4ef3-b35b-15d9f8ba10da","totalData":4,"pagination":{"page":1,"limit":10,"total":0},"duration":277}
2025-09-10 17:04:26 [INFO]: Memulai pengambilan daftar jadwal acara  {"userId":"c8a96478-3b13-4ef3-b35b-15d9f8ba10da","query":{"status":"","kategori":"","bulan":"11","tahun":"2025","page":1,"limit":10}}
2025-09-10 17:04:26 [ERROR]: Gagal mengambil daftar jadwal acara  {"userId":"c8a96478-3b13-4ef3-b35b-15d9f8ba10da","error":"date/time field value out of range: \"2025-11-31\""}
2025-09-10 17:04:31 [INFO]: Memulai pengambilan daftar jadwal acara  {"userId":"c8a96478-3b13-4ef3-b35b-15d9f8ba10da","query":{"status":"","kategori":"","bulan":"10","tahun":"2025","page":1,"limit":10}}
2025-09-10 17:04:31 [INFO]: Berhasil mengambil daftar jadwal acara  {"userId":"c8a96478-3b13-4ef3-b35b-15d9f8ba10da","totalData":0,"pagination":{"page":1,"limit":10,"total":0},"duration":216}
2025-09-10 17:04:35 [INFO]: Memulai pengambilan daftar jadwal acara  {"userId":"c8a96478-3b13-4ef3-b35b-15d9f8ba10da","query":{"status":"","kategori":"","bulan":"9","tahun":"2025","page":1,"limit":10}}
2025-09-10 17:04:36 [ERROR]: Gagal mengambil daftar jadwal acara  {"userId":"c8a96478-3b13-4ef3-b35b-15d9f8ba10da","error":"date/time field value out of range: \"2025-09-31\""}
2025-09-10 17:04:40 [INFO]: Memulai pengambilan daftar jadwal acara  {"userId":"c8a96478-3b13-4ef3-b35b-15d9f8ba10da","query":{"status":"","kategori":"","bulan":"8","tahun":"2025","page":1,"limit":10}}
2025-09-10 17:04:40 [INFO]: Berhasil mengambil daftar jadwal acara  {"userId":"c8a96478-3b13-4ef3-b35b-15d9f8ba10da","totalData":0,"pagination":{"page":1,"limit":10,"total":0},"duration":243}
2025-09-10 17:04:46 [INFO]: Memulai pengambilan daftar jadwal acara  {"userId":"c8a96478-3b13-4ef3-b35b-15d9f8ba10da","query":{"status":"aktif","kategori":"","bulan":"8","tahun":"2025","page":1,"limit":10}}
2025-09-10 17:04:46 [INFO]: Berhasil mengambil daftar jadwal acara  {"userId":"c8a96478-3b13-4ef3-b35b-15d9f8ba10da","totalData":0,"pagination":{"page":1,"limit":10,"total":0},"duration":246}
2025-09-10 17:04:50 [INFO]: Memulai pengambilan daftar jadwal acara  {"userId":"c8a96478-3b13-4ef3-b35b-15d9f8ba10da","query":{"status":"aktif","kategori":"","bulan":"12","tahun":"2025","page":1,"limit":10}}
2025-09-10 17:04:50 [INFO]: Berhasil mengambil daftar jadwal acara  {"userId":"c8a96478-3b13-4ef3-b35b-15d9f8ba10da","totalData":3,"pagination":{"page":1,"limit":10,"total":0},"duration":240}
2025-09-10 17:04:53 [INFO]: Memulai pengambilan daftar jadwal acara  {"userId":"c8a96478-3b13-4ef3-b35b-15d9f8ba10da","query":{"status":"","kategori":"","bulan":"12","tahun":"2025","page":1,"limit":10}}
2025-09-10 17:04:54 [INFO]: Berhasil mengambil daftar jadwal acara  {"userId":"c8a96478-3b13-4ef3-b35b-15d9f8ba10da","totalData":4,"pagination":{"page":1,"limit":10,"total":0},"duration":108}
2025-09-10 17:04:59 [INFO]: Memulai update status jadwal acara  {"userId":"c8a96478-3b13-4ef3-b35b-15d9f8ba10da","acaraId":"4fe273c7-b2c8-4f61-a6ff-e8716cb480f0","newStatus":"dibatalkan"}
2025-09-10 17:05:00 [INFO]: Berhasil update status jadwal acara  {"userId":"c8a96478-3b13-4ef3-b35b-15d9f8ba10da","acaraId":"4fe273c7-b2c8-4f61-a6ff-e8716cb480f0","newStatus":"dibatalkan","duration":253}
2025-09-10 17:05:02 [INFO]: Memulai pengambilan daftar jadwal acara  {"userId":"c8a96478-3b13-4ef3-b35b-15d9f8ba10da","query":{"status":"","kategori":"","bulan":"12","tahun":"2025","page":1,"limit":10}}
2025-09-10 17:05:02 [INFO]: Berhasil mengambil daftar jadwal acara  {"userId":"c8a96478-3b13-4ef3-b35b-15d9f8ba10da","totalData":4,"pagination":{"page":1,"limit":10,"total":0},"duration":136}
2025-09-10 17:09:17 [INFO]: Memulai pengambilan daftar jadwal acara  {"userId":"c8a96478-3b13-4ef3-b35b-15d9f8ba10da","query":{"status":"","kategori":"","bulan":"","tahun":"2025","page":1,"limit":10}}
2025-09-10 17:09:18 [INFO]: Berhasil mengambil daftar jadwal acara  {"userId":"c8a96478-3b13-4ef3-b35b-15d9f8ba10da","totalData":4,"pagination":{"page":1,"limit":10,"total":0},"duration":284}
2025-09-10 22:08:58 [INFO]: Memulai pengambilan daftar jadwal acara  {"userId":"c8a96478-3b13-4ef3-b35b-15d9f8ba10da","query":{"status":"","kategori":"","bulan":"","tahun":"2025","page":1,"limit":10}}
2025-09-10 22:08:58 [INFO]: Berhasil mengambil daftar jadwal acara  {"userId":"c8a96478-3b13-4ef3-b35b-15d9f8ba10da","totalData":4,"pagination":{"page":1,"limit":10,"total":0},"duration":154}
2025-09-11 10:41:23 [INFO]: Memulai pengambilan daftar jadwal acara  {"userId":"c8a96478-3b13-4ef3-b35b-15d9f8ba10da","query":{"status":"","kategori":"","bulan":"","tahun":"2025","page":1,"limit":10}}
2025-09-11 10:41:23 [INFO]: Berhasil mengambil daftar jadwal acara  {"userId":"c8a96478-3b13-4ef3-b35b-15d9f8ba10da","totalData":4,"pagination":{"page":1,"limit":10,"total":0},"duration":178}
2025-09-11 10:48:39 [INFO]: Memulai pengambilan daftar jadwal acara  {"userId":"c8a96478-3b13-4ef3-b35b-15d9f8ba10da","query":{"status":"","kategori":"","bulan":"","tahun":"2025","page":1,"limit":10}}
2025-09-11 10:48:39 [INFO]: Berhasil mengambil daftar jadwal acara  {"userId":"c8a96478-3b13-4ef3-b35b-15d9f8ba10da","totalData":4,"pagination":{"page":1,"limit":10,"total":0},"duration":60}
2025-09-11 10:50:05 [INFO]: Memulai pengambilan daftar jadwal acara  {"userId":"c8a96478-3b13-4ef3-b35b-15d9f8ba10da","query":{"status":"","kategori":"","bulan":"","tahun":"2025","page":1,"limit":10}}
2025-09-11 10:50:05 [INFO]: Berhasil mengambil daftar jadwal acara  {"userId":"c8a96478-3b13-4ef3-b35b-15d9f8ba10da","totalData":4,"pagination":{"page":1,"limit":10,"total":0},"duration":73}
2025-09-11 10:50:10 [INFO]: Memulai pengambilan daftar jadwal acara  {"userId":"c8a96478-3b13-4ef3-b35b-15d9f8ba10da","query":{"status":"","kategori":"","bulan":"","tahun":"2025","page":1,"limit":10}}
2025-09-11 10:50:10 [INFO]: Berhasil mengambil daftar jadwal acara  {"userId":"c8a96478-3b13-4ef3-b35b-15d9f8ba10da","totalData":4,"pagination":{"page":1,"limit":10,"total":0},"duration":78}
2025-09-11 11:25:46 [INFO]: Memulai pengambilan daftar jadwal acara  {"userId":"c8a96478-3b13-4ef3-b35b-15d9f8ba10da","query":{"status":"","kategori":"","bulan":"","tahun":"2025","page":1,"limit":10}}
2025-09-11 11:25:46 [INFO]: Berhasil mengambil daftar jadwal acara  {"userId":"c8a96478-3b13-4ef3-b35b-15d9f8ba10da","totalData":4,"pagination":{"page":1,"limit":10,"total":0},"duration":56}
2025-09-11 11:26:54 [INFO]: Memulai pengambilan daftar jadwal acara  {"userId":"c8a96478-3b13-4ef3-b35b-15d9f8ba10da","query":{"status":"","kategori":"","bulan":"","tahun":"2025","page":1,"limit":10}}
2025-09-11 11:26:54 [INFO]: Berhasil mengambil daftar jadwal acara  {"userId":"c8a96478-3b13-4ef3-b35b-15d9f8ba10da","totalData":4,"pagination":{"page":1,"limit":10,"total":0},"duration":107}
2025-09-11 11:35:16 [INFO]: Memulai pengambilan daftar jadwal acara  {"userId":"c8a96478-3b13-4ef3-b35b-15d9f8ba10da","query":{"status":"","kategori":"","bulan":"","tahun":"2025","page":1,"limit":10}}
2025-09-11 11:35:16 [INFO]: Berhasil mengambil daftar jadwal acara  {"userId":"c8a96478-3b13-4ef3-b35b-15d9f8ba10da","totalData":4,"pagination":{"page":1,"limit":10,"total":0},"duration":82}
2025-09-11 13:34:15 [INFO]: Memulai pengambilan daftar jadwal acara  {"userId":"c8a96478-3b13-4ef3-b35b-15d9f8ba10da","query":{"status":"","kategori":"","bulan":"","tahun":"2025","page":1,"limit":10}}
2025-09-11 13:34:15 [ERROR]: Gagal mengambil daftar jadwal acara  {"userId":"c8a96478-3b13-4ef3-b35b-15d9f8ba10da","error":"TypeError: fetch failed"}
2025-09-11 13:35:29 [INFO]: Memulai pengambilan daftar jadwal acara  {"userId":"c8a96478-3b13-4ef3-b35b-15d9f8ba10da","query":{"status":"","kategori":"","bulan":"","tahun":"2025","page":1,"limit":10}}
2025-09-11 13:35:29 [ERROR]: Gagal mengambil daftar jadwal acara  {"userId":"c8a96478-3b13-4ef3-b35b-15d9f8ba10da","error":"TypeError: fetch failed"}
2025-09-11 13:36:40 [INFO]: Memulai pengambilan daftar jadwal acara  {"userId":"c8a96478-3b13-4ef3-b35b-15d9f8ba10da","query":{"status":"","kategori":"","bulan":"","tahun":"2025","page":1,"limit":10}}
2025-09-11 13:36:40 [ERROR]: Gagal mengambil daftar jadwal acara  {"userId":"c8a96478-3b13-4ef3-b35b-15d9f8ba10da","error":"TypeError: fetch failed"}
2025-09-11 13:38:23 [INFO]: Memulai pengambilan daftar jadwal acara  {"userId":"c8a96478-3b13-4ef3-b35b-15d9f8ba10da","query":{"status":"","kategori":"","bulan":"","tahun":"2025","page":1,"limit":10}}
2025-09-11 13:38:23 [ERROR]: Gagal mengambil daftar jadwal acara  {"userId":"c8a96478-3b13-4ef3-b35b-15d9f8ba10da","error":"TypeError: fetch failed"}
2025-09-11 16:47:54 [INFO]: Memulai pengambilan daftar jadwal acara  {"userId":"c8a96478-3b13-4ef3-b35b-15d9f8ba10da","query":{"status":"","kategori":"","bulan":"","tahun":"2025","page":1,"limit":10}}
2025-09-11 16:47:54 [ERROR]: Gagal mengambil daftar jadwal acara  {"userId":"c8a96478-3b13-4ef3-b35b-15d9f8ba10da","error":"TypeError: fetch failed"}
2025-09-11 17:26:20 [INFO]: Memulai pengambilan daftar jadwal acara  {"userId":"c8a96478-3b13-4ef3-b35b-15d9f8ba10da","query":{"status":"","kategori":"","bulan":"","tahun":"2025","page":1,"limit":10}}
2025-09-11 17:26:20 [ERROR]: Gagal mengambil daftar jadwal acara  {"userId":"c8a96478-3b13-4ef3-b35b-15d9f8ba10da","error":"TypeError: fetch failed"}
2025-09-11 17:28:56 [INFO]: Memulai pengambilan daftar jadwal acara  {"userId":"c8a96478-3b13-4ef3-b35b-15d9f8ba10da","query":{"status":"","kategori":"","bulan":"","tahun":"2025","page":1,"limit":10}}
2025-09-11 17:28:56 [ERROR]: Gagal mengambil daftar jadwal acara  {"userId":"c8a96478-3b13-4ef3-b35b-15d9f8ba10da","error":"TypeError: fetch failed"}
2025-09-11 17:29:41 [INFO]: Memulai pengambilan daftar jadwal acara  {"userId":"c8a96478-3b13-4ef3-b35b-15d9f8ba10da","query":{"status":"","kategori":"","bulan":"","tahun":"2025","page":1,"limit":10}}
2025-09-11 17:29:41 [ERROR]: Gagal mengambil daftar jadwal acara  {"userId":"c8a96478-3b13-4ef3-b35b-15d9f8ba10da","error":"TypeError: fetch failed"}
2025-09-11 18:39:13 [INFO]: Memulai pengambilan daftar jadwal acara  {"userId":"c8a96478-3b13-4ef3-b35b-15d9f8ba10da","query":{"status":"","kategori":"","bulan":"","tahun":"2025","page":1,"limit":10}}
2025-09-11 18:39:13 [ERROR]: Gagal mengambil daftar jadwal acara  {"userId":"c8a96478-3b13-4ef3-b35b-15d9f8ba10da","error":"TypeError: fetch failed"}
2025-09-11 18:59:10 [INFO]: Memulai pengambilan daftar jadwal acara  {"userId":"c8a96478-3b13-4ef3-b35b-15d9f8ba10da","query":{"status":"","kategori":"","bulan":"","tahun":"2025","page":1,"limit":10}}
2025-09-11 18:59:10 [ERROR]: Gagal mengambil daftar jadwal acara  {"userId":"c8a96478-3b13-4ef3-b35b-15d9f8ba10da","error":"TypeError: fetch failed"}
2025-09-11 19:01:50 [INFO]: Memulai pengambilan daftar jadwal acara  {"userId":"c8a96478-3b13-4ef3-b35b-15d9f8ba10da","query":{"status":"","kategori":"","bulan":"","tahun":"2025","page":1,"limit":10}}
2025-09-11 19:01:50 [ERROR]: Gagal mengambil daftar jadwal acara  {"userId":"c8a96478-3b13-4ef3-b35b-15d9f8ba10da","error":"TypeError: fetch failed"}
2025-09-11 19:09:49 [INFO]: Memulai pengambilan daftar jadwal acara  {"userId":"c8a96478-3b13-4ef3-b35b-15d9f8ba10da","query":{"status":"","kategori":"","bulan":"","tahun":"2025","page":1,"limit":10}}
2025-09-11 19:09:49 [ERROR]: Gagal mengambil daftar jadwal acara  {"userId":"c8a96478-3b13-4ef3-b35b-15d9f8ba10da","error":"TypeError: fetch failed"}
2025-09-11 19:13:04 [INFO]: Memulai pengambilan daftar jadwal acara  {"userId":"c8a96478-3b13-4ef3-b35b-15d9f8ba10da","query":{"status":"","kategori":"","bulan":"","tahun":"2025","page":1,"limit":10}}
2025-09-11 19:13:04 [ERROR]: Gagal mengambil daftar jadwal acara  {"userId":"c8a96478-3b13-4ef3-b35b-15d9f8ba10da","error":"TypeError: fetch failed"}
2025-09-11 19:16:47 [INFO]: Memulai pengambilan daftar jadwal acara  {"userId":"c8a96478-3b13-4ef3-b35b-15d9f8ba10da","query":{"status":"","kategori":"","bulan":"","tahun":"2025","page":1,"limit":10}}
2025-09-11 19:16:47 [ERROR]: Gagal mengambil daftar jadwal acara  {"userId":"c8a96478-3b13-4ef3-b35b-15d9f8ba10da","error":"TypeError: fetch failed"}
2025-09-11 19:23:00 [INFO]: Memulai pengambilan daftar jadwal acara  {"userId":"c8a96478-3b13-4ef3-b35b-15d9f8ba10da","query":{"status":"","kategori":"","bulan":"","tahun":"2025","page":1,"limit":10}}
2025-09-11 19:23:00 [ERROR]: Gagal mengambil daftar jadwal acara  {"userId":"c8a96478-3b13-4ef3-b35b-15d9f8ba10da","error":"TypeError: fetch failed"}
2025-09-11 19:26:42 [INFO]: Memulai pengambilan daftar jadwal acara  {"userId":"c8a96478-3b13-4ef3-b35b-15d9f8ba10da","query":{"status":"","kategori":"","bulan":"","tahun":"2025","page":1,"limit":10}}
2025-09-11 19:26:42 [ERROR]: Gagal mengambil daftar jadwal acara  {"userId":"c8a96478-3b13-4ef3-b35b-15d9f8ba10da","error":"TypeError: fetch failed"}
2025-09-11 19:32:48 [INFO]: Memulai pengambilan daftar jadwal acara  {"userId":"c8a96478-3b13-4ef3-b35b-15d9f8ba10da","query":{"status":"","kategori":"","bulan":"","tahun":"2025","page":1,"limit":10}}
2025-09-11 19:32:48 [ERROR]: Gagal mengambil daftar jadwal acara  {"userId":"c8a96478-3b13-4ef3-b35b-15d9f8ba10da","error":"TypeError: fetch failed"}
2025-09-11 20:04:39 [INFO]: Memulai pengambilan daftar jadwal acara  {"userId":"c8a96478-3b13-4ef3-b35b-15d9f8ba10da","query":{"status":"","kategori":"","bulan":"","tahun":"2025","page":1,"limit":10}}
2025-09-11 20:04:39 [ERROR]: Gagal mengambil daftar jadwal acara  {"userId":"c8a96478-3b13-4ef3-b35b-15d9f8ba10da","error":"TypeError: fetch failed"}
2025-09-11 20:06:08 [INFO]: Memulai pengambilan daftar jadwal acara  {"userId":"c8a96478-3b13-4ef3-b35b-15d9f8ba10da","query":{"status":"","kategori":"","bulan":"","tahun":"2025","page":1,"limit":10}}
2025-09-11 20:06:08 [INFO]: Berhasil mengambil daftar jadwal acara  {"userId":"c8a96478-3b13-4ef3-b35b-15d9f8ba10da","totalData":4,"pagination":{"page":1,"limit":10,"total":0},"duration":240}
2025-09-11 23:46:21 [INFO]: Memulai pengambilan daftar jadwal acara  {"userId":"c8a96478-3b13-4ef3-b35b-15d9f8ba10da","query":{"status":"","kategori":"","bulan":"","tahun":"2025","page":1,"limit":10}}
2025-09-11 23:46:21 [ERROR]: Gagal mengambil daftar jadwal acara  {"userId":"c8a96478-3b13-4ef3-b35b-15d9f8ba10da","error":"TypeError: fetch failed"}
2025-09-11 23:46:47 [INFO]: Memulai pengambilan daftar jadwal acara  {"userId":"c8a96478-3b13-4ef3-b35b-15d9f8ba10da","query":{"status":"","kategori":"","bulan":"","tahun":"2025","page":1,"limit":10}}
2025-09-11 23:46:47 [ERROR]: Gagal mengambil daftar jadwal acara  {"userId":"c8a96478-3b13-4ef3-b35b-15d9f8ba10da","error":"TypeError: fetch failed"}
2025-09-11 23:46:50 [INFO]: Memulai pengambilan daftar jadwal acara  {"userId":"c8a96478-3b13-4ef3-b35b-15d9f8ba10da","query":{"status":"","kategori":"","bulan":"","tahun":"2025","page":1,"limit":10}}
2025-09-11 23:46:50 [ERROR]: Gagal mengambil daftar jadwal acara  {"userId":"c8a96478-3b13-4ef3-b35b-15d9f8ba10da","error":"TypeError: fetch failed"}
2025-09-11 23:47:05 [INFO]: Memulai pengambilan daftar jadwal acara  {"userId":"c8a96478-3b13-4ef3-b35b-15d9f8ba10da","query":{"status":"","kategori":"","bulan":"","tahun":"2025","page":1,"limit":10}}
2025-09-11 23:47:05 [INFO]: Berhasil mengambil daftar jadwal acara  {"userId":"c8a96478-3b13-4ef3-b35b-15d9f8ba10da","totalData":4,"pagination":{"page":1,"limit":10,"total":0},"duration":456}
2025-09-12 07:22:35 [INFO]: Memulai pengambilan daftar jadwal acara  {"userId":"c8a96478-3b13-4ef3-b35b-15d9f8ba10da","query":{"status":"","kategori":"","bulan":"","tahun":"2025","page":1,"limit":10}}
2025-09-12 07:22:35 [ERROR]: Gagal mengambil daftar jadwal acara  {"userId":"c8a96478-3b13-4ef3-b35b-15d9f8ba10da","error":"TypeError: fetch failed"}
2025-09-12 07:22:46 [INFO]: Memulai pengambilan daftar jadwal acara  {"userId":"c8a96478-3b13-4ef3-b35b-15d9f8ba10da","query":{"status":"","kategori":"","bulan":"","tahun":"2025","page":1,"limit":10}}
2025-09-12 07:22:46 [ERROR]: Gagal mengambil daftar jadwal acara  {"userId":"c8a96478-3b13-4ef3-b35b-15d9f8ba10da","error":"TypeError: fetch failed"}
2025-09-12 07:32:14 [INFO]: Memulai pengambilan daftar jadwal acara  {"userId":"c8a96478-3b13-4ef3-b35b-15d9f8ba10da","query":{"status":"","kategori":"","bulan":"","tahun":"2025","page":1,"limit":10}}
2025-09-12 07:32:14 [ERROR]: Gagal mengambil daftar jadwal acara  {"userId":"c8a96478-3b13-4ef3-b35b-15d9f8ba10da","error":"TypeError: fetch failed"}
2025-09-12 07:32:51 [INFO]: Memulai pengambilan daftar jadwal acara  {"userId":"c8a96478-3b13-4ef3-b35b-15d9f8ba10da","query":{"status":"","kategori":"","bulan":"","tahun":"2025","page":1,"limit":10}}
2025-09-12 07:32:51 [ERROR]: Gagal mengambil daftar jadwal acara  {"userId":"c8a96478-3b13-4ef3-b35b-15d9f8ba10da","error":"TypeError: fetch failed"}
2025-09-12 07:41:55 [INFO]: Memulai pengambilan daftar jadwal acara  {"userId":"c8a96478-3b13-4ef3-b35b-15d9f8ba10da","query":{"status":"","kategori":"","bulan":"","tahun":"2025","page":1,"limit":10}}
2025-09-12 07:41:55 [ERROR]: Gagal mengambil daftar jadwal acara  {"userId":"c8a96478-3b13-4ef3-b35b-15d9f8ba10da","error":"TypeError: fetch failed"}
2025-09-12 07:53:54 [INFO]: Memulai pengambilan daftar jadwal acara  {"userId":"c8a96478-3b13-4ef3-b35b-15d9f8ba10da","query":{"status":"","kategori":"","bulan":"","tahun":"2025","page":1,"limit":10}}
2025-09-12 07:53:54 [ERROR]: Gagal mengambil daftar jadwal acara  {"userId":"c8a96478-3b13-4ef3-b35b-15d9f8ba10da","error":"TypeError: fetch failed"}
2025-09-12 07:54:09 [INFO]: Memulai pengambilan daftar jadwal acara  {"userId":"c8a96478-3b13-4ef3-b35b-15d9f8ba10da","query":{"status":"","kategori":"","bulan":"","tahun":"2025","page":1,"limit":10}}
2025-09-12 07:54:09 [ERROR]: Gagal mengambil daftar jadwal acara  {"userId":"c8a96478-3b13-4ef3-b35b-15d9f8ba10da","error":"TypeError: fetch failed"}
2025-09-12 07:54:53 [INFO]: Memulai pengambilan daftar jadwal acara  {"userId":"c8a96478-3b13-4ef3-b35b-15d9f8ba10da","query":{"status":"","kategori":"","bulan":"","tahun":"2025","page":1,"limit":10}}
2025-09-12 07:54:53 [ERROR]: Gagal mengambil daftar jadwal acara  {"userId":"c8a96478-3b13-4ef3-b35b-15d9f8ba10da","error":"TypeError: fetch failed"}
2025-09-12 07:56:06 [INFO]: Memulai pengambilan daftar jadwal acara  {"userId":"c8a96478-3b13-4ef3-b35b-15d9f8ba10da","query":{"status":"","kategori":"","bulan":"","tahun":"2025","page":1,"limit":10}}
2025-09-12 07:56:06 [ERROR]: Gagal mengambil daftar jadwal acara  {"userId":"c8a96478-3b13-4ef3-b35b-15d9f8ba10da","error":"TypeError: fetch failed"}
2025-09-12 08:00:24 [INFO]: Memulai pengambilan daftar jadwal acara  {"userId":"c8a96478-3b13-4ef3-b35b-15d9f8ba10da","query":{"status":"","kategori":"","bulan":"","tahun":"2025","page":1,"limit":10}}
2025-09-12 08:00:24 [ERROR]: Gagal mengambil daftar jadwal acara  {"userId":"c8a96478-3b13-4ef3-b35b-15d9f8ba10da","error":"TypeError: fetch failed"}
2025-09-12 09:05:53 [INFO]: Memulai pengambilan daftar jadwal acara  {"userId":"c8a96478-3b13-4ef3-b35b-15d9f8ba10da","query":{"status":"","kategori":"","bulan":"","tahun":"2025","page":1,"limit":10}}
2025-09-12 09:05:53 [INFO]: Berhasil mengambil daftar jadwal acara  {"userId":"c8a96478-3b13-4ef3-b35b-15d9f8ba10da","totalData":3,"pagination":{"page":1,"limit":10,"total":0},"duration":150}
2025-09-12 09:57:42 [INFO]: Memulai pengambilan daftar jadwal acara  {"userId":"c8a96478-3b13-4ef3-b35b-15d9f8ba10da","query":{"status":"","kategori":"","bulan":"","tahun":"2025","page":1,"limit":10}}
2025-09-12 09:57:42 [INFO]: Berhasil mengambil daftar jadwal acara  {"userId":"c8a96478-3b13-4ef3-b35b-15d9f8ba10da","totalData":3,"pagination":{"page":1,"limit":10,"total":0},"duration":133}
2025-09-12 10:01:26 [INFO]: Memulai pengambilan daftar jadwal acara  {"userId":"c8a96478-3b13-4ef3-b35b-15d9f8ba10da","query":{"status":"","kategori":"","bulan":"","tahun":"2025","page":1,"limit":10}}
2025-09-12 10:01:26 [INFO]: Berhasil mengambil daftar jadwal acara  {"userId":"c8a96478-3b13-4ef3-b35b-15d9f8ba10da","totalData":3,"pagination":{"page":1,"limit":10,"total":0},"duration":400}
2025-09-12 10:03:10 [INFO]: Memulai pengambilan daftar jadwal acara  {"userId":"c8a96478-3b13-4ef3-b35b-15d9f8ba10da","query":{"status":"","kategori":"","bulan":"","tahun":"2025","page":1,"limit":10}}
2025-09-12 10:03:10 [INFO]: Berhasil mengambil daftar jadwal acara  {"userId":"c8a96478-3b13-4ef3-b35b-15d9f8ba10da","totalData":3,"pagination":{"page":1,"limit":10,"total":0},"duration":294}
2025-09-12 10:03:14 [INFO]: Memulai pengambilan daftar jadwal acara  {"userId":"c8a96478-3b13-4ef3-b35b-15d9f8ba10da","query":{"status":"","kategori":"","bulan":"","tahun":"2025","page":1,"limit":10}}
2025-09-12 10:03:14 [INFO]: Berhasil mengambil daftar jadwal acara  {"userId":"c8a96478-3b13-4ef3-b35b-15d9f8ba10da","totalData":3,"pagination":{"page":1,"limit":10,"total":0},"duration":108}
2025-09-12 10:03:20 [INFO]: Memulai pengambilan daftar jadwal acara  {"userId":"c8a96478-3b13-4ef3-b35b-15d9f8ba10da","query":{"status":"","kategori":"","bulan":"","tahun":"2025","page":1,"limit":10}}
2025-09-12 10:03:20 [INFO]: Berhasil mengambil daftar jadwal acara  {"userId":"c8a96478-3b13-4ef3-b35b-15d9f8ba10da","totalData":3,"pagination":{"page":1,"limit":10,"total":0},"duration":62}
2025-09-12 10:04:08 [INFO]: Memulai pengambilan daftar jadwal acara  {"userId":"c8a96478-3b13-4ef3-b35b-15d9f8ba10da","query":{"status":"","kategori":"","bulan":"","tahun":"2025","page":1,"limit":10}}
2025-09-12 10:04:08 [INFO]: Berhasil mengambil daftar jadwal acara  {"userId":"c8a96478-3b13-4ef3-b35b-15d9f8ba10da","totalData":3,"pagination":{"page":1,"limit":10,"total":0},"duration":144}
2025-09-12 10:04:21 [INFO]: Memulai pengambilan daftar jadwal acara  {"userId":"c8a96478-3b13-4ef3-b35b-15d9f8ba10da","query":{"status":"","kategori":"","bulan":"","tahun":"2025","page":1,"limit":10}}
2025-09-12 10:04:21 [INFO]: Berhasil mengambil daftar jadwal acara  {"userId":"c8a96478-3b13-4ef3-b35b-15d9f8ba10da","totalData":3,"pagination":{"page":1,"limit":10,"total":0},"duration":167}
2025-09-12 10:04:37 [INFO]: Memulai pengambilan daftar jadwal acara  {"userId":"c8a96478-3b13-4ef3-b35b-15d9f8ba10da","query":{"status":"","kategori":"","bulan":"","tahun":"2025","page":1,"limit":10}}
2025-09-12 10:04:38 [INFO]: Berhasil mengambil daftar jadwal acara  {"userId":"c8a96478-3b13-4ef3-b35b-15d9f8ba10da","totalData":3,"pagination":{"page":1,"limit":10,"total":0},"duration":699}
2025-09-12 10:04:50 [INFO]: Memulai pengambilan daftar jadwal acara  {"userId":"c8a96478-3b13-4ef3-b35b-15d9f8ba10da","query":{"status":"","kategori":"","bulan":"","tahun":"2025","page":1,"limit":10}}
2025-09-12 10:04:50 [INFO]: Berhasil mengambil daftar jadwal acara  {"userId":"c8a96478-3b13-4ef3-b35b-15d9f8ba10da","totalData":3,"pagination":{"page":1,"limit":10,"total":0},"duration":73}
2025-09-12 10:04:53 [INFO]: Memulai pengambilan daftar jadwal acara  {"userId":"c8a96478-3b13-4ef3-b35b-15d9f8ba10da","query":{"status":"","kategori":"","bulan":"","tahun":"2025","page":1,"limit":10}}
2025-09-12 10:04:53 [INFO]: Berhasil mengambil daftar jadwal acara  {"userId":"c8a96478-3b13-4ef3-b35b-15d9f8ba10da","totalData":3,"pagination":{"page":1,"limit":10,"total":0},"duration":323}
2025-09-12 10:05:02 [INFO]: Memulai pengambilan daftar jadwal acara  {"userId":"c8a96478-3b13-4ef3-b35b-15d9f8ba10da","query":{"status":"","kategori":"","bulan":"","tahun":"2025","page":1,"limit":10}}
2025-09-12 10:05:02 [INFO]: Berhasil mengambil daftar jadwal acara  {"userId":"c8a96478-3b13-4ef3-b35b-15d9f8ba10da","totalData":3,"pagination":{"page":1,"limit":10,"total":0},"duration":153}
2025-09-12 10:06:31 [INFO]: Memulai pengambilan daftar jadwal acara  {"userId":"c8a96478-3b13-4ef3-b35b-15d9f8ba10da","query":{"status":"","kategori":"","bulan":"","tahun":"2025","page":1,"limit":10}}
2025-09-12 10:06:31 [INFO]: Berhasil mengambil daftar jadwal acara  {"userId":"c8a96478-3b13-4ef3-b35b-15d9f8ba10da","totalData":3,"pagination":{"page":1,"limit":10,"total":0},"duration":147}
2025-09-12 10:07:35 [INFO]: Memulai pengambilan daftar jadwal acara  {"userId":"c8a96478-3b13-4ef3-b35b-15d9f8ba10da","query":{"status":"","kategori":"","bulan":"","tahun":"2025","page":1,"limit":10}}
2025-09-12 10:07:35 [INFO]: Berhasil mengambil daftar jadwal acara  {"userId":"c8a96478-3b13-4ef3-b35b-15d9f8ba10da","totalData":3,"pagination":{"page":1,"limit":10,"total":0},"duration":532}
2025-09-12 10:08:25 [INFO]: Memulai pengambilan daftar jadwal acara  {"userId":"c8a96478-3b13-4ef3-b35b-15d9f8ba10da","query":{"status":"","kategori":"","bulan":"","tahun":"2025","page":1,"limit":10}}
2025-09-12 10:08:25 [INFO]: Berhasil mengambil daftar jadwal acara  {"userId":"c8a96478-3b13-4ef3-b35b-15d9f8ba10da","totalData":3,"pagination":{"page":1,"limit":10,"total":0},"duration":142}
2025-09-12 10:09:08 [INFO]: Memulai pengambilan daftar jadwal acara  {"userId":"c8a96478-3b13-4ef3-b35b-15d9f8ba10da","query":{"status":"","kategori":"","bulan":"","tahun":"2025","page":1,"limit":10}}
2025-09-12 10:09:08 [INFO]: Berhasil mengambil daftar jadwal acara  {"userId":"c8a96478-3b13-4ef3-b35b-15d9f8ba10da","totalData":3,"pagination":{"page":1,"limit":10,"total":0},"duration":146}
2025-09-12 10:09:44 [INFO]: Memulai pengambilan daftar jadwal acara  {"userId":"c8a96478-3b13-4ef3-b35b-15d9f8ba10da","query":{"status":"","kategori":"","bulan":"","tahun":"2025","page":1,"limit":10}}
2025-09-12 10:09:44 [INFO]: Berhasil mengambil daftar jadwal acara  {"userId":"c8a96478-3b13-4ef3-b35b-15d9f8ba10da","totalData":3,"pagination":{"page":1,"limit":10,"total":0},"duration":131}
2025-09-12 10:13:46 [INFO]: Memulai pengambilan daftar jadwal acara  {"userId":"c8a96478-3b13-4ef3-b35b-15d9f8ba10da","query":{"status":"","kategori":"","bulan":"","tahun":"2025","page":1,"limit":10}}
2025-09-12 10:13:46 [INFO]: Berhasil mengambil daftar jadwal acara  {"userId":"c8a96478-3b13-4ef3-b35b-15d9f8ba10da","totalData":3,"pagination":{"page":1,"limit":10,"total":0},"duration":79}
2025-09-12 15:24:07 [INFO]: Memulai pengambilan daftar jadwal acara  {"userId":"c8a96478-3b13-4ef3-b35b-15d9f8ba10da","query":{"status":"","kategori":"","bulan":"","tahun":"2025","page":1,"limit":10}}
2025-09-12 15:24:08 [INFO]: Berhasil mengambil daftar jadwal acara  {"userId":"c8a96478-3b13-4ef3-b35b-15d9f8ba10da","totalData":3,"pagination":{"page":1,"limit":10,"total":0},"duration":273}
2025-09-12 15:35:54 [INFO]: Memulai pengambilan daftar jadwal acara  {"userId":"c8a96478-3b13-4ef3-b35b-15d9f8ba10da","query":{"status":"","kategori":"","bulan":"","tahun":"2025","page":1,"limit":10}}
2025-09-12 15:35:54 [INFO]: Berhasil mengambil daftar jadwal acara  {"userId":"c8a96478-3b13-4ef3-b35b-15d9f8ba10da","totalData":3,"pagination":{"page":1,"limit":10,"total":0},"duration":413}
2025-09-12 15:36:36 [INFO]: Memulai pengambilan daftar jadwal acara  {"userId":"c8a96478-3b13-4ef3-b35b-15d9f8ba10da","query":{"status":"","kategori":"","bulan":"","tahun":"2025","page":1,"limit":10}}
2025-09-12 15:36:36 [INFO]: Berhasil mengambil daftar jadwal acara  {"userId":"c8a96478-3b13-4ef3-b35b-15d9f8ba10da","totalData":3,"pagination":{"page":1,"limit":10,"total":0},"duration":211}
2025-09-12 15:38:28 [INFO]: Memulai pengambilan daftar jadwal acara  {"userId":"c8a96478-3b13-4ef3-b35b-15d9f8ba10da","query":{"status":"","kategori":"","bulan":"","tahun":"2025","page":1,"limit":10}}
2025-09-12 15:38:28 [INFO]: Berhasil mengambil daftar jadwal acara  {"userId":"c8a96478-3b13-4ef3-b35b-15d9f8ba10da","totalData":3,"pagination":{"page":1,"limit":10,"total":0},"duration":444}
2025-09-12 15:54:01 [INFO]: Memulai pengambilan daftar jadwal acara  {"userId":"c8a96478-3b13-4ef3-b35b-15d9f8ba10da","query":{"status":"","kategori":"","bulan":"","tahun":"2025","page":1,"limit":10}}
2025-09-12 15:54:01 [INFO]: Berhasil mengambil daftar jadwal acara  {"userId":"c8a96478-3b13-4ef3-b35b-15d9f8ba10da","totalData":3,"pagination":{"page":1,"limit":10,"total":0},"duration":122}
2025-09-12 15:54:23 [INFO]: Memulai pengambilan daftar jadwal acara  {"userId":"c8a96478-3b13-4ef3-b35b-15d9f8ba10da","query":{"status":"","kategori":"","bulan":"","tahun":"2025","page":1,"limit":10}}
2025-09-12 15:54:24 [INFO]: Berhasil mengambil daftar jadwal acara  {"userId":"c8a96478-3b13-4ef3-b35b-15d9f8ba10da","totalData":3,"pagination":{"page":1,"limit":10,"total":0},"duration":436}
2025-09-12 16:32:01 [INFO]: Memulai pengambilan daftar jadwal acara  {"userId":"c8a96478-3b13-4ef3-b35b-15d9f8ba10da","query":{"status":"","kategori":"","bulan":"","tahun":"2025","page":1,"limit":10}}
2025-09-12 16:32:01 [INFO]: Berhasil mengambil daftar jadwal acara  {"userId":"c8a96478-3b13-4ef3-b35b-15d9f8ba10da","totalData":3,"pagination":{"page":1,"limit":10,"total":0},"duration":110}
2025-09-12 18:14:39 [INFO]: Memulai pengambilan daftar jadwal acara  {"userId":"c8a96478-3b13-4ef3-b35b-15d9f8ba10da","query":{"status":"","kategori":"","bulan":"","tahun":"2025","page":1,"limit":10}}
2025-09-12 18:14:39 [INFO]: Berhasil mengambil daftar jadwal acara  {"userId":"c8a96478-3b13-4ef3-b35b-15d9f8ba10da","totalData":3,"pagination":{"page":1,"limit":10,"total":0},"duration":404}
2025-09-12 18:19:53 [INFO]: Memulai pengambilan daftar jadwal acara  {"userId":"c8a96478-3b13-4ef3-b35b-15d9f8ba10da","query":{"status":"","kategori":"","bulan":"","tahun":"2025","page":1,"limit":10}}
2025-09-12 18:19:54 [INFO]: Berhasil mengambil daftar jadwal acara  {"userId":"c8a96478-3b13-4ef3-b35b-15d9f8ba10da","totalData":3,"pagination":{"page":1,"limit":10,"total":0},"duration":515}
2025-09-13 05:47:23 [INFO]: Memulai pengambilan daftar jadwal acara  {"userId":"c8a96478-3b13-4ef3-b35b-15d9f8ba10da","query":{"status":"","kategori":"","bulan":"","tahun":"2025","page":1,"limit":10}}
2025-09-13 05:47:33 [ERROR]: Gagal mengambil daftar jadwal acara  {"userId":"c8a96478-3b13-4ef3-b35b-15d9f8ba10da","error":"TypeError: fetch failed"}
2025-09-13 05:47:52 [INFO]: Memulai pengambilan daftar jadwal acara  {"userId":"c8a96478-3b13-4ef3-b35b-15d9f8ba10da","query":{"status":"","kategori":"","bulan":"","tahun":"2025","page":1,"limit":10}}
2025-09-13 05:48:02 [ERROR]: Gagal mengambil daftar jadwal acara  {"userId":"c8a96478-3b13-4ef3-b35b-15d9f8ba10da","error":"TypeError: fetch failed"}
2025-09-13 05:48:03 [INFO]: Memulai pengambilan daftar jadwal acara  {"userId":"c8a96478-3b13-4ef3-b35b-15d9f8ba10da","query":{"status":"","kategori":"","bulan":"","tahun":"2025","page":1,"limit":10}}
2025-09-13 05:48:13 [ERROR]: Gagal mengambil daftar jadwal acara  {"userId":"c8a96478-3b13-4ef3-b35b-15d9f8ba10da","error":"TypeError: fetch failed"}
2025-09-13 07:48:26 [INFO]: Memulai pengambilan daftar jadwal acara  {"userId":"c8a96478-3b13-4ef3-b35b-15d9f8ba10da","query":{"status":"","kategori":"","bulan":"","tahun":"2025","page":1,"limit":10}}
2025-09-13 07:48:26 [INFO]: Berhasil mengambil daftar jadwal acara  {"userId":"c8a96478-3b13-4ef3-b35b-15d9f8ba10da","totalData":3,"pagination":{"page":1,"limit":10,"total":0},"duration":158}
