2025-09-10 16:04:03 [ERROR]: Gagal mengambil daftar jadwal acara  {"userId":"c8a96478-3b13-4ef3-b35b-15d9f8ba10da","error":"date/time field value out of range: \"2025-02-31\""}
2025-09-10 16:04:15 [ERROR]: Gagal mengambil daftar jadwal acara  {"userId":"c8a96478-3b13-4ef3-b35b-15d9f8ba10da","error":"date/time field value out of range: \"2025-02-31\""}
2025-09-10 16:04:26 [ERROR]: Gagal mengambil daftar jadwal acara  {"userId":"c8a96478-3b13-4ef3-b35b-15d9f8ba10da","error":"date/time field value out of range: \"2025-06-31\""}
2025-09-10 16:04:33 [ERROR]: Gagal mengambil daftar jadwal acara  {"userId":"c8a96478-3b13-4ef3-b35b-15d9f8ba10da","error":"date/time field value out of range: \"2025-09-31\""}
2025-09-10 16:04:38 [ERROR]: Gagal mengambil daftar jadwal acara  {"userId":"c8a96478-3b13-4ef3-b35b-15d9f8ba10da","error":"date/time field value out of range: \"2025-11-31\""}
2025-09-10 17:04:00 [ERROR]: Gagal mengambil daftar jadwal acara  {"userId":"c8a96478-3b13-4ef3-b35b-15d9f8ba10da","error":"date/time field value out of range: \"2025-02-31\""}
2025-09-10 17:04:26 [ERROR]: Gagal mengambil daftar jadwal acara  {"userId":"c8a96478-3b13-4ef3-b35b-15d9f8ba10da","error":"date/time field value out of range: \"2025-11-31\""}
2025-09-10 17:04:36 [ERROR]: Gagal mengambil daftar jadwal acara  {"userId":"c8a96478-3b13-4ef3-b35b-15d9f8ba10da","error":"date/time field value out of range: \"2025-09-31\""}
2025-09-11 13:34:15 [ERROR]: Gagal mengambil daftar jadwal acara  {"userId":"c8a96478-3b13-4ef3-b35b-15d9f8ba10da","error":"TypeError: fetch failed"}
2025-09-11 13:35:29 [ERROR]: Gagal mengambil daftar jadwal acara  {"userId":"c8a96478-3b13-4ef3-b35b-15d9f8ba10da","error":"TypeError: fetch failed"}
2025-09-11 13:36:40 [ERROR]: Gagal mengambil daftar jadwal acara  {"userId":"c8a96478-3b13-4ef3-b35b-15d9f8ba10da","error":"TypeError: fetch failed"}
2025-09-11 13:38:23 [ERROR]: Gagal mengambil daftar jadwal acara  {"userId":"c8a96478-3b13-4ef3-b35b-15d9f8ba10da","error":"TypeError: fetch failed"}
2025-09-11 16:47:54 [ERROR]: Gagal mengambil daftar jadwal acara  {"userId":"c8a96478-3b13-4ef3-b35b-15d9f8ba10da","error":"TypeError: fetch failed"}
2025-09-11 17:26:20 [ERROR]: Gagal mengambil daftar jadwal acara  {"userId":"c8a96478-3b13-4ef3-b35b-15d9f8ba10da","error":"TypeError: fetch failed"}
2025-09-11 17:28:56 [ERROR]: Gagal mengambil daftar jadwal acara  {"userId":"c8a96478-3b13-4ef3-b35b-15d9f8ba10da","error":"TypeError: fetch failed"}
2025-09-11 17:29:41 [ERROR]: Gagal mengambil daftar jadwal acara  {"userId":"c8a96478-3b13-4ef3-b35b-15d9f8ba10da","error":"TypeError: fetch failed"}
2025-09-11 18:39:13 [ERROR]: Gagal mengambil daftar jadwal acara  {"userId":"c8a96478-3b13-4ef3-b35b-15d9f8ba10da","error":"TypeError: fetch failed"}
2025-09-11 18:59:10 [ERROR]: Gagal mengambil daftar jadwal acara  {"userId":"c8a96478-3b13-4ef3-b35b-15d9f8ba10da","error":"TypeError: fetch failed"}
2025-09-11 19:01:50 [ERROR]: Gagal mengambil daftar jadwal acara  {"userId":"c8a96478-3b13-4ef3-b35b-15d9f8ba10da","error":"TypeError: fetch failed"}
2025-09-11 19:09:49 [ERROR]: Gagal mengambil daftar jadwal acara  {"userId":"c8a96478-3b13-4ef3-b35b-15d9f8ba10da","error":"TypeError: fetch failed"}
2025-09-11 19:13:04 [ERROR]: Gagal mengambil daftar jadwal acara  {"userId":"c8a96478-3b13-4ef3-b35b-15d9f8ba10da","error":"TypeError: fetch failed"}
2025-09-11 19:16:47 [ERROR]: Gagal mengambil daftar jadwal acara  {"userId":"c8a96478-3b13-4ef3-b35b-15d9f8ba10da","error":"TypeError: fetch failed"}
2025-09-11 19:23:00 [ERROR]: Gagal mengambil daftar jadwal acara  {"userId":"c8a96478-3b13-4ef3-b35b-15d9f8ba10da","error":"TypeError: fetch failed"}
2025-09-11 19:26:42 [ERROR]: Gagal mengambil daftar jadwal acara  {"userId":"c8a96478-3b13-4ef3-b35b-15d9f8ba10da","error":"TypeError: fetch failed"}
2025-09-11 19:32:48 [ERROR]: Gagal mengambil daftar jadwal acara  {"userId":"c8a96478-3b13-4ef3-b35b-15d9f8ba10da","error":"TypeError: fetch failed"}
2025-09-11 20:04:39 [ERROR]: Gagal mengambil daftar jadwal acara  {"userId":"c8a96478-3b13-4ef3-b35b-15d9f8ba10da","error":"TypeError: fetch failed"}
2025-09-11 23:46:21 [ERROR]: Gagal mengambil daftar jadwal acara  {"userId":"c8a96478-3b13-4ef3-b35b-15d9f8ba10da","error":"TypeError: fetch failed"}
2025-09-11 23:46:47 [ERROR]: Gagal mengambil daftar jadwal acara  {"userId":"c8a96478-3b13-4ef3-b35b-15d9f8ba10da","error":"TypeError: fetch failed"}
2025-09-11 23:46:50 [ERROR]: Gagal mengambil daftar jadwal acara  {"userId":"c8a96478-3b13-4ef3-b35b-15d9f8ba10da","error":"TypeError: fetch failed"}
2025-09-12 07:22:35 [ERROR]: Gagal mengambil daftar jadwal acara  {"userId":"c8a96478-3b13-4ef3-b35b-15d9f8ba10da","error":"TypeError: fetch failed"}
2025-09-12 07:22:46 [ERROR]: Gagal mengambil daftar jadwal acara  {"userId":"c8a96478-3b13-4ef3-b35b-15d9f8ba10da","error":"TypeError: fetch failed"}
2025-09-12 07:32:14 [ERROR]: Gagal mengambil daftar jadwal acara  {"userId":"c8a96478-3b13-4ef3-b35b-15d9f8ba10da","error":"TypeError: fetch failed"}
2025-09-12 07:32:51 [ERROR]: Gagal mengambil daftar jadwal acara  {"userId":"c8a96478-3b13-4ef3-b35b-15d9f8ba10da","error":"TypeError: fetch failed"}
2025-09-12 07:41:55 [ERROR]: Gagal mengambil daftar jadwal acara  {"userId":"c8a96478-3b13-4ef3-b35b-15d9f8ba10da","error":"TypeError: fetch failed"}
2025-09-12 07:53:54 [ERROR]: Gagal mengambil daftar jadwal acara  {"userId":"c8a96478-3b13-4ef3-b35b-15d9f8ba10da","error":"TypeError: fetch failed"}
2025-09-12 07:54:09 [ERROR]: Gagal mengambil daftar jadwal acara  {"userId":"c8a96478-3b13-4ef3-b35b-15d9f8ba10da","error":"TypeError: fetch failed"}
2025-09-12 07:54:53 [ERROR]: Gagal mengambil daftar jadwal acara  {"userId":"c8a96478-3b13-4ef3-b35b-15d9f8ba10da","error":"TypeError: fetch failed"}
2025-09-12 07:56:06 [ERROR]: Gagal mengambil daftar jadwal acara  {"userId":"c8a96478-3b13-4ef3-b35b-15d9f8ba10da","error":"TypeError: fetch failed"}
2025-09-12 08:00:24 [ERROR]: Gagal mengambil daftar jadwal acara  {"userId":"c8a96478-3b13-4ef3-b35b-15d9f8ba10da","error":"TypeError: fetch failed"}
2025-09-13 05:47:33 [ERROR]: Gagal mengambil daftar jadwal acara  {"userId":"c8a96478-3b13-4ef3-b35b-15d9f8ba10da","error":"TypeError: fetch failed"}
2025-09-13 05:48:02 [ERROR]: Gagal mengambil daftar jadwal acara  {"userId":"c8a96478-3b13-4ef3-b35b-15d9f8ba10da","error":"TypeError: fetch failed"}
2025-09-13 05:48:13 [ERROR]: Gagal mengambil daftar jadwal acara  {"userId":"c8a96478-3b13-4ef3-b35b-15d9f8ba10da","error":"TypeError: fetch failed"}
2025-09-13 17:25:07 [ERROR]: Gagal mengambil daftar jadwal acara  {"userId":"c8a96478-3b13-4ef3-b35b-15d9f8ba10da","error":"date/time field value out of range: \"2025-02-31\""}
2025-09-13 17:25:19 [ERROR]: Gagal mengambil daftar jadwal acara  {"userId":"c8a96478-3b13-4ef3-b35b-15d9f8ba10da","error":"date/time field value out of range: \"2025-02-31\""}
2025-09-13 17:25:25 [ERROR]: Gagal mengambil daftar jadwal acara  {"userId":"c8a96478-3b13-4ef3-b35b-15d9f8ba10da","error":"date/time field value out of range: \"2025-02-31\""}
2025-09-13 17:25:28 [ERROR]: Gagal mengambil daftar jadwal acara  {"userId":"c8a96478-3b13-4ef3-b35b-15d9f8ba10da","error":"date/time field value out of range: \"2025-02-31\""}
2025-09-15 20:30:10 [ERROR]: Gagal mengambil daftar jadwal acara  {"userId":"4abdd3e7-f214-44a9-87f4-79279cf520dd","error":"date/time field value out of range: \"2025-04-31\""}
2025-09-16 08:28:18 [ERROR]: Gagal mengambil daftar jadwal acara  {"userId":"cf9e5e1a-36e0-414a-90ab-63448de473a6","error":"date/time field value out of range: \"2025-11-31\""}
2025-09-16 08:28:21 [ERROR]: Gagal mengambil daftar jadwal acara  {"userId":"cf9e5e1a-36e0-414a-90ab-63448de473a6","error":"date/time field value out of range: \"2025-09-31\""}
2025-09-16 08:28:36 [ERROR]: Gagal mengambil daftar jadwal acara  {"userId":"cf9e5e1a-36e0-414a-90ab-63448de473a6","error":"date/time field value out of range: \"2025-09-31\""}
2025-09-16 08:28:55 [ERROR]: Gagal mengambil daftar jadwal acara  {"userId":"cf9e5e1a-36e0-414a-90ab-63448de473a6","error":"date/time field value out of range: \"2025-09-31\""}
2025-09-16 08:29:03 [ERROR]: Gagal mengambil daftar jadwal acara  {"userId":"cf9e5e1a-36e0-414a-90ab-63448de473a6","error":"date/time field value out of range: \"2025-09-31\""}
2025-09-16 08:34:09 [ERROR]: Gagal mengambil daftar jadwal acara  {"userId":"85c1edd5-e5de-4159-a3cf-78ac6d879c79","error":"date/time field value out of range: \"2025-09-31\""}
2025-09-16 08:35:34 [ERROR]: Gagal mengambil daftar jadwal acara  {"userId":"85c1edd5-e5de-4159-a3cf-78ac6d879c79","error":"date/time field value out of range: \"2025-09-31\""}
2025-09-16 08:35:46 [ERROR]: Gagal mengambil daftar jadwal acara  {"userId":"85c1edd5-e5de-4159-a3cf-78ac6d879c79","error":"date/time field value out of range: \"2025-09-31\""}
2025-09-16 08:36:10 [ERROR]: Gagal mengambil daftar jadwal acara  {"userId":"85c1edd5-e5de-4159-a3cf-78ac6d879c79","error":"date/time field value out of range: \"2025-09-31\""}
2025-09-16 08:36:17 [ERROR]: Gagal mengambil daftar jadwal acara  {"userId":"85c1edd5-e5de-4159-a3cf-78ac6d879c79","error":"date/time field value out of range: \"2025-09-31\""}
2025-09-16 08:36:33 [ERROR]: Gagal mengambil daftar jadwal acara  {"userId":"85c1edd5-e5de-4159-a3cf-78ac6d879c79","error":"date/time field value out of range: \"2025-09-31\""}
2025-09-17 15:17:19 [ERROR]: Gagal mengambil daftar jadwal acara  {"userId":"f51c30cb-84b2-40a4-a613-4e32839fa014","error":"date/time field value out of range: \"2025-09-31\""}
2025-09-17 15:17:35 [ERROR]: Gagal mengambil daftar jadwal acara  {"userId":"c8a96478-3b13-4ef3-b35b-15d9f8ba10da","error":"date/time field value out of range: \"2025-09-31\""}
2025-09-17 18:57:59 [ERROR]: Gagal mengambil daftar jadwal acara  {"userId":"c8a96478-3b13-4ef3-b35b-15d9f8ba10da","error":"date/time field value out of range: \"2025-09-31\""}
2025-09-17 19:34:18 [ERROR]: Gagal mengambil daftar jadwal acara  {"userId":"f51c30cb-84b2-40a4-a613-4e32839fa014","error":"date/time field value out of range: \"2025-09-31\""}
2025-09-17 19:41:16 [ERROR]: Gagal mengambil daftar jadwal acara  {"userId":"f51c30cb-84b2-40a4-a613-4e32839fa014","error":"date/time field value out of range: \"2026-09-31\""}
2025-09-17 19:41:30 [ERROR]: Gagal mengambil daftar jadwal acara  {"userId":"f51c30cb-84b2-40a4-a613-4e32839fa014","error":"date/time field value out of range: \"2025-09-31\""}
2025-09-17 20:01:58 [ERROR]: Server error saat membuat jadwal acara 
ReferenceError: nowWIB is not defined
    at buatJadwalAcara (D:\bapelit - Copy - Copy\be\controllers\jadwal-acara\jadwalAcara.js:113:21)
    at process.processTicksAndRejections (node:internal/process/task_queues:105:5) {"userId":"c8a96478-3b13-4ef3-b35b-15d9f8ba10da","error":"nowWIB is not defined","duration":323}
2025-09-18 00:53:35 [ERROR]: Gagal menyimpan jadwal acara ke database  {"userId":"c8a96478-3b13-4ef3-b35b-15d9f8ba10da","error":"TypeError: fetch failed"}
2025-09-18 01:02:21 [ERROR]: Gagal mengambil daftar jadwal acara  {"userId":"c8a96478-3b13-4ef3-b35b-15d9f8ba10da","error":"TypeError: fetch failed"}
2025-09-18 01:18:55 [ERROR]: Gagal mengambil daftar jadwal acara  {"userId":"c8a96478-3b13-4ef3-b35b-15d9f8ba10da","error":"Requested range not satisfiable"}
2025-09-18 01:19:01 [ERROR]: Gagal mengambil daftar jadwal acara  {"userId":"c8a96478-3b13-4ef3-b35b-15d9f8ba10da","error":"Requested range not satisfiable"}
2025-09-18 01:19:05 [ERROR]: Gagal mengambil daftar jadwal acara  {"userId":"c8a96478-3b13-4ef3-b35b-15d9f8ba10da","error":"Requested range not satisfiable"}
2025-09-18 01:19:07 [ERROR]: Gagal mengambil daftar jadwal acara  {"userId":"c8a96478-3b13-4ef3-b35b-15d9f8ba10da","error":"Requested range not satisfiable"}
2025-09-18 01:21:48 [ERROR]: Gagal mengambil daftar jadwal acara  {"userId":"c8a96478-3b13-4ef3-b35b-15d9f8ba10da","error":"Requested range not satisfiable"}
2025-09-18 01:22:23 [ERROR]: Gagal mengambil daftar jadwal acara  {"userId":"c8a96478-3b13-4ef3-b35b-15d9f8ba10da","error":"Requested range not satisfiable"}
2025-09-18 01:22:32 [ERROR]: Gagal mengambil daftar jadwal acara  {"userId":"c8a96478-3b13-4ef3-b35b-15d9f8ba10da","error":"Requested range not satisfiable"}
